<?xml version="1.0" encoding="UTF-8"?>
<testsuite xmlns:xsi="http://www.w3.org/2001/XMLSchema-instance" xsi:noNamespaceSchemaLocation="https://maven.apache.org/surefire/maven-surefire-plugin/xsd/surefire-test-report-3.0.xsd" version="3.0" name="edu.uob.ExampleDBTests" time="0.548" tests="4" errors="0" skipped="0" failures="0">
  <properties>
[...]
</properties>
  <testcase name="testQueryID" classname="edu.uob.ExampleDBTests" time="0.287">
    <system-out><![CDATA[createTable-------------------
createTable----- true
checkTableExists-------------------
Table Name : marks
tablePath : /mnt/c/Users/User/Documents/Java/Assesement/cw-db-submission/databases/vhenmdhahl/marks.tab
checkTableExists----- true
checkTableExists-------------------
Table Name : marks
tablePath : /mnt/c/Users/User/Documents/Java/Assesement/cw-db-submission/databases/vhenmdhahl/marks.tab
checkTableExists----- true
checkAttributeExist---------------
tableAttributes : [ID, name, mark, pass]
tokens : [ID]
checkAttributeExist: Attribute Found
printBaseConditionTable------------------
conditions : [name, ==, 'Simon']
separateBaseCondition------------------
Condition Found
Condition Amount : 1
ConditionList : [name == 'Simon']
findBaseConditionTable--------------------
aCondition : [name, ==, 'Simon']
filteredTable----------------------
aCondition : [name, ==, 'Simon']
readTable-------------------
File path /mnt/c/Users/User/Documents/Java/Assesement/cw-db-submission/databases/vhenmdhahl/marks.tab
printTable SUCCESS
Attribute: name
headLine : 4
attributeIndex : 1
checkValueType---------------------
checkOperatorValid--------------------
RemoveUnqualifiedData----------------------
attributeIndex : 1 aCondition : [name, ==, 'Simon']
finalTable before adding index : [1	'Simon'	65	TRUE]
finalTable after adding headLine : [ID	name	mark	pass, 1	'Simon'	65	TRUE]
finalTable after adding index : [ID	name	mark	pass, 1	'Simon'	65	TRUE]
printBaseConditionTable FINAL TABLE: 
ID	name	mark	pass
1	'Simon'	65	TRUE
printTableCertainAttr-------------------
getConditionTable : 
ID	name	mark	pass
1	'Simon'	65	TRUE
originalTable after string2ArrayList: 
ID	name	mark	pass
1	'Simon'	65	TRUE
headLine : [ID, name, mark, pass]
wildAttributes : [ID]
headLine[1] : name
indexList : [0]
dataNum : 1
finalTable : 
[1	]
printTableCertainAttr SUCCESS
]]></system-out>
  </testcase>
  <testcase name="testBasicCreateAndQuery" classname="edu.uob.ExampleDBTests" time="0.12">
    <system-out><![CDATA[createTable-------------------
createTable----- true
checkTableExists-------------------
Table Name : marks
tablePath : /mnt/c/Users/User/Documents/Java/Assesement/cw-db-submission/databases/pwwvtymyhe/marks.tab
checkTableExists----- true
checkTableExists-------------------
Table Name : marks
tablePath : /mnt/c/Users/User/Documents/Java/Assesement/cw-db-submission/databases/pwwvtymyhe/marks.tab
checkTableExists----- true
checkTableExists-------------------
Table Name : marks
tablePath : /mnt/c/Users/User/Documents/Java/Assesement/cw-db-submission/databases/pwwvtymyhe/marks.tab
checkTableExists----- true
checkTableExists-------------------
Table Name : marks
tablePath : /mnt/c/Users/User/Documents/Java/Assesement/cw-db-submission/databases/pwwvtymyhe/marks.tab
checkTableExists----- true
checkTableExists-------------------
Table Name : marks
tablePath : /mnt/c/Users/User/Documents/Java/Assesement/cw-db-submission/databases/pwwvtymyhe/marks.tab
checkTableExists----- true
readTable-------------------
File path /mnt/c/Users/User/Documents/Java/Assesement/cw-db-submission/databases/pwwvtymyhe/marks.tab
printTable SUCCESS
]]></system-out>
  </testcase>
  <testcase name="testTablePersistsAfterRestart" classname="edu.uob.ExampleDBTests" time="0.057">
    <system-out><![CDATA[createTable-------------------
createTable----- true
checkTableExists-------------------
Table Name : marks
tablePath : /mnt/c/Users/User/Documents/Java/Assesement/cw-db-submission/databases/vytxrtoelu/marks.tab
checkTableExists----- true
checkTableExists-------------------
Table Name : marks
tablePath : /mnt/c/Users/User/Documents/Java/Assesement/cw-db-submission/databases/vytxrtoelu/marks.tab
checkTableExists----- true
readTable-------------------
File path /mnt/c/Users/User/Documents/Java/Assesement/cw-db-submission/databases/vytxrtoelu/marks.tab
printTable SUCCESS
]]></system-out>
  </testcase>
  <testcase name="testForErrorTag" classname="edu.uob.ExampleDBTests" time="0.046">
    <system-out><![CDATA[createTable-------------------
createTable----- true
checkTableExists-------------------
Table Name : marks
tablePath : /mnt/c/Users/User/Documents/Java/Assesement/cw-db-submission/databases/jwakqkhyfv/marks.tab
checkTableExists----- true
checkTableExists-------------------
Table Name : libraryfines
tablePath : /mnt/c/Users/User/Documents/Java/Assesement/cw-db-submission/databases/jwakqkhyfv/libraryfines.tab
checkTableExists----- false
]]></system-out>
  </testcase>
</testsuite>